e:\study\计算机图形学\homework03\raytracing\raytracing\debug\vc141.pdb
e:\study\计算机图形学\homework03\raytracing\raytracing\debug\vc141.idb
e:\study\计算机图形学\homework03\raytracing\raytracing\debug\perspectivecamera.obj
e:\study\计算机图形学\homework03\raytracing\raytracing\debug\gvector3.obj
e:\study\计算机图形学\homework03\raytracing\raytracing\debug\cray.obj
e:\study\计算机图形学\homework03\raytracing\raytracing\debug\main.obj
e:\study\计算机图形学\homework03\raytracing\raytracing\debug\csphere.obj
e:\study\计算机图形学\homework03\raytracing\raytracing\debug\color.obj
e:\study\计算机图形学\homework03\raytracing\raytracing\debug\cobject.obj
e:\study\计算机图形学\homework03\raytracing\raytracing\debug\checkmaterial.obj
e:\study\计算机图形学\homework03\raytracing\raytracing\debug\phongmaterial.obj
e:\study\计算机图形学\homework03\raytracing\raytracing\debug\material.obj
e:\study\计算机图形学\homework03\raytracing\raytracing\debug\plane.obj
e:\study\计算机图形学\homework03\raytracing\raytracing\debug\union.obj
e:\study\计算机图形学\homework03\raytracing\raytracing\debug\raytracing.exe
e:\study\计算机图形学\homework03\raytracing\raytracing\debug\raytracing.ilk
e:\study\计算机图形学\homework03\raytracing\raytracing\debug\raytracing.pdb
e:\study\计算机图形学\homework03\raytracing\raytracing\debug\raytracing.tlog\cl.command.1.tlog
e:\study\计算机图形学\homework03\raytracing\raytracing\debug\raytracing.tlog\cl.read.1.tlog
e:\study\计算机图形学\homework03\raytracing\raytracing\debug\raytracing.tlog\cl.write.1.tlog
e:\study\计算机图形学\homework03\raytracing\raytracing\debug\raytracing.tlog\link.command.1.tlog
e:\study\计算机图形学\homework03\raytracing\raytracing\debug\raytracing.tlog\link.read.1.tlog
e:\study\计算机图形学\homework03\raytracing\raytracing\debug\raytracing.tlog\link.write.1.tlog
