c:\users\gong\desktop\raytracing\raytracing\debug\raytracing.pch
c:\users\gong\desktop\raytracing\raytracing\debug\vc140.pdb
c:\users\gong\desktop\raytracing\raytracing\debug\vc140.idb
c:\users\gong\desktop\raytracing\raytracing\debug\stdafx.obj
c:\users\gong\desktop\raytracing\raytracing\debug\checkermaterial.obj
c:\users\gong\desktop\raytracing\raytracing\debug\cobject.obj
c:\users\gong\desktop\raytracing\raytracing\debug\color.obj
c:\users\gong\desktop\raytracing\raytracing\debug\cray.obj
c:\users\gong\desktop\raytracing\raytracing\debug\csphere.obj
c:\users\gong\desktop\raytracing\raytracing\debug\cube.obj
c:\users\gong\desktop\raytracing\raytracing\debug\directlight.obj
c:\users\gong\desktop\raytracing\raytracing\debug\gvector3.obj
c:\users\gong\desktop\raytracing\raytracing\debug\material.obj
c:\users\gong\desktop\raytracing\raytracing\debug\perspectivecamera.obj
c:\users\gong\desktop\raytracing\raytracing\debug\phongmaterial.obj
c:\users\gong\desktop\raytracing\raytracing\debug\plane.obj
c:\users\gong\desktop\raytracing\raytracing\debug\pointlight.obj
c:\users\gong\desktop\raytracing\raytracing\debug\raytracing.obj
c:\users\gong\desktop\raytracing\raytracing\debug\union.obj
c:\users\gong\desktop\raytracing2\raytracing\debug\raytracing.pch
c:\users\gong\desktop\raytracing2\raytracing\debug\vc140.pdb
c:\users\gong\desktop\raytracing2\raytracing\debug\vc140.idb
c:\users\gong\desktop\raytracing2\raytracing\debug\stdafx.obj
c:\users\gong\desktop\raytracing2\raytracing\debug\checkermaterial.obj
c:\users\gong\desktop\raytracing2\raytracing\debug\cobject.obj
c:\users\gong\desktop\raytracing2\raytracing\debug\color.obj
c:\users\gong\desktop\raytracing2\raytracing\debug\cray.obj
c:\users\gong\desktop\raytracing2\raytracing\debug\csphere.obj
c:\users\gong\desktop\raytracing2\raytracing\debug\cube.obj
c:\users\gong\desktop\raytracing2\raytracing\debug\directlight.obj
c:\users\gong\desktop\raytracing2\raytracing\debug\gvector3.obj
c:\users\gong\desktop\raytracing2\raytracing\debug\material.obj
c:\users\gong\desktop\raytracing2\raytracing\debug\perspectivecamera.obj
c:\users\gong\desktop\raytracing2\raytracing\debug\phongmaterial.obj
c:\users\gong\desktop\raytracing2\raytracing\debug\plane.obj
c:\users\gong\desktop\raytracing2\raytracing\debug\pointlight.obj
c:\users\gong\desktop\raytracing2\raytracing\debug\raytracing.obj
c:\users\gong\desktop\raytracing2\raytracing\debug\union.obj
c:\users\gong\desktop\raytracing\debug\raytracing.ilk
c:\users\gong\desktop\raytracing\debug\raytracing.exe
c:\users\gong\desktop\raytracing\debug\raytracing.pdb
c:\users\gong\desktop\raytracing2\debug\raytracing.ilk
c:\users\gong\desktop\raytracing2\debug\raytracing.exe
c:\users\gong\desktop\raytracing2\debug\raytracing.pdb
c:\users\gong\desktop\raytracing2\raytracing\debug\raytracing.tlog\cl.command.1.tlog
c:\users\gong\desktop\raytracing2\raytracing\debug\raytracing.tlog\cl.read.1.tlog
c:\users\gong\desktop\raytracing2\raytracing\debug\raytracing.tlog\cl.write.1.tlog
c:\users\gong\desktop\raytracing2\raytracing\debug\raytracing.tlog\link.command.1.tlog
c:\users\gong\desktop\raytracing2\raytracing\debug\raytracing.tlog\link.read.1.tlog
c:\users\gong\desktop\raytracing2\raytracing\debug\raytracing.tlog\link.write.1.tlog
